-------------------------------------------------------------------------------
Test set: TestSuite
-------------------------------------------------------------------------------
Tests run: 7, Failures: 2, Errors: 0, Skipped: 5, Time elapsed: 67.387 s <<< FAILURE! - in TestSuite
com.course.cases.LoginTest.loginTrue  Time elapsed: 25.468 s  <<< FAILURE!
org.apache.ibatis.exceptions.PersistenceException: 

### Error querying database.  Cause: com.mysql.cj.jdbc.exceptions.CommunicationsException: Communications link failure

The last packet sent successfully to the server was 0 milliseconds ago. The driver has not received any packets from the server.
### The error may exist in mapper/SQLMapper.xml
### The error may involve com.course.model.loginCase
### The error occurred while executing a query
### Cause: com.mysql.cj.jdbc.exceptions.CommunicationsException: Communications link failure

The last packet sent successfully to the server was 0 milliseconds ago. The driver has not received any packets from the server.
	at com.course.cases.LoginTest.loginTrue(LoginTest.java:41)
Caused by: com.mysql.cj.jdbc.exceptions.CommunicationsException: 
Communications link failure

The last packet sent successfully to the server was 0 milliseconds ago. The driver has not received any packets from the server.
	at com.course.cases.LoginTest.loginTrue(LoginTest.java:41)
Caused by: com.mysql.cj.exceptions.CJCommunicationsException: 
Communications link failure

The last packet sent successfully to the server was 0 milliseconds ago. The driver has not received any packets from the server.
	at com.course.cases.LoginTest.loginTrue(LoginTest.java:41)
Caused by: java.net.ConnectException: Connection timed out: connect
	at com.course.cases.LoginTest.loginTrue(LoginTest.java:41)

com.course.cases.LoginTest.loginFalse  Time elapsed: 21.149 s  <<< FAILURE!
org.apache.ibatis.exceptions.PersistenceException: 

### Error querying database.  Cause: com.mysql.cj.jdbc.exceptions.CommunicationsException: Communications link failure

The last packet sent successfully to the server was 0 milliseconds ago. The driver has not received any packets from the server.
### The error may exist in mapper/SQLMapper.xml
### The error may involve com.course.model.loginCase
### The error occurred while executing a query
### Cause: com.mysql.cj.jdbc.exceptions.CommunicationsException: Communications link failure

The last packet sent successfully to the server was 0 milliseconds ago. The driver has not received any packets from the server.
	at com.course.cases.LoginTest.loginFalse(LoginTest.java:71)
Caused by: com.mysql.cj.jdbc.exceptions.CommunicationsException: 
Communications link failure

The last packet sent successfully to the server was 0 milliseconds ago. The driver has not received any packets from the server.
	at com.course.cases.LoginTest.loginFalse(LoginTest.java:71)
Caused by: com.mysql.cj.exceptions.CJCommunicationsException: 
Communications link failure

The last packet sent successfully to the server was 0 milliseconds ago. The driver has not received any packets from the server.
	at com.course.cases.LoginTest.loginFalse(LoginTest.java:71)
Caused by: java.net.ConnectException: Connection timed out: connect
	at com.course.cases.LoginTest.loginFalse(LoginTest.java:71)

